2026-04-25 17:35:27.581 | INFO     | backend.main:lifespan:24 - Starting backend...
2026-04-25 17:35:28.884 | INFO     | src.monitoring.metrics_exporter:start_metrics_server:70 - Prometheus metrics server started on port 8001
2026-04-25 17:36:24.092 | INFO     | backend.main:lifespan:31 - Shutting down backend...
2026-04-25 17:36:29.559 | INFO     | backend.main:lifespan:24 - Starting backend...
2026-04-25 17:36:30.810 | INFO     | src.monitoring.metrics_exporter:start_metrics_server:70 - Prometheus metrics server started on port 8001
2026-04-25 17:37:31.061 | INFO     | backend.services.inference_service:_load_model:33 - Loaded 'demand_forecaster' v1 from MLflow
2026-04-25 17:37:31.091 | ERROR    | backend.services.inference_service:predict:61 - Prediction failed: Failed to enforce schema of data '   year  month  day_of_week  day_of_year  week_of_year  quarter  is_weekend  ...  discount_effect  low_stock_flag  price_diff  is_promo  is_rainy  seasonality_index  epidemic_flag
0  2024      3            4           75            11        1           0  ...             90.0               0         5.0         1         1                  2              0

[1 rows x 36 columns]' with schema '['year': integer (required), 'month': integer (required), 'day_of_week': integer (required), 'day_of_year': integer (required), 'week_of_year': integer (required), 'quarter': integer (required), 'is_weekend': integer (required), 'is_month_start': integer (required), 'is_month_end': integer (required), 'price': double (required), 'price_lag_7': double (required), 'price_pct_change': double (required), 'price_rolling_mean_7': double (required), 'sales_lag_1': double (required), 'sales_lag_7': double (required), 'sales_lag_14': double (required), 'sales_lag_28': double (required), 'sales_rolling_mean_7': double (required), 'sales_rolling_mean_14': double (required), 'sales_rolling_mean_28': double (required), 'sales_rolling_std_7': double (required), 'sales_rolling_std_14': double (required), 'sales_rolling_std_28': double (required), 'sin_1': double (required), 'cos_1': double (required), 'sin_2': double (required), 'cos_2': double (required), 'sin_3': double (required), 'cos_3': double (required), 'discount_effect': double (required), 'low_stock_flag': integer (required), 'price_diff': double (required), 'is_promo': integer (required), 'is_rainy': integer (required), 'seasonality_index': integer (required), 'epidemic_flag': integer (required)]'. Error: Incompatible input types for column year. Can not safely convert int64 to int32.
2026-04-25 17:37:31.091 | ERROR    | backend.routers.predict:predict:103 - Prediction error: Failed to enforce schema of data '   year  month  day_of_week  day_of_year  week_of_year  quarter  is_weekend  ...  discount_effect  low_stock_flag  price_diff  is_promo  is_rainy  seasonality_index  epidemic_flag
0  2024      3            4           75            11        1           0  ...             90.0               0         5.0         1         1                  2              0

[1 rows x 36 columns]' with schema '['year': integer (required), 'month': integer (required), 'day_of_week': integer (required), 'day_of_year': integer (required), 'week_of_year': integer (required), 'quarter': integer (required), 'is_weekend': integer (required), 'is_month_start': integer (required), 'is_month_end': integer (required), 'price': double (required), 'price_lag_7': double (required), 'price_pct_change': double (required), 'price_rolling_mean_7': double (required), 'sales_lag_1': double (required), 'sales_lag_7': double (required), 'sales_lag_14': double (required), 'sales_lag_28': double (required), 'sales_rolling_mean_7': double (required), 'sales_rolling_mean_14': double (required), 'sales_rolling_mean_28': double (required), 'sales_rolling_std_7': double (required), 'sales_rolling_std_14': double (required), 'sales_rolling_std_28': double (required), 'sin_1': double (required), 'cos_1': double (required), 'sin_2': double (required), 'cos_2': double (required), 'sin_3': double (required), 'cos_3': double (required), 'discount_effect': double (required), 'low_stock_flag': integer (required), 'price_diff': double (required), 'is_promo': integer (required), 'is_rainy': integer (required), 'seasonality_index': integer (required), 'epidemic_flag': integer (required)]'. Error: Incompatible input types for column year. Can not safely convert int64 to int32.
2026-04-25 17:39:29.107 | INFO     | backend.main:lifespan:31 - Shutting down backend...
2026-04-25 17:39:30.627 | INFO     | backend.main:lifespan:24 - Starting backend...
2026-04-25 17:39:31.879 | INFO     | src.monitoring.metrics_exporter:start_metrics_server:70 - Prometheus metrics server started on port 8001
2026-04-25 17:39:51.668 | INFO     | backend.services.inference_service:_load_model:44 - Loaded model 'demand_forecaster' v1
2026-04-25 12:26:53.559 | INFO     | backend.main:lifespan:24 - Starting backend...
2026-04-25 12:26:53.560 | INFO     | src.monitoring.metrics_exporter:start_metrics_server:70 - Prometheus metrics server started on port 8001
2026-04-25 12:37:52.416 | INFO     | backend.main:lifespan:31 - Shutting down backend...
2026-04-25 12:52:28.050 | INFO     | backend.main:lifespan:24 - Starting backend...
2026-04-25 12:52:28.053 | INFO     | src.monitoring.metrics_exporter:start_metrics_server:70 - Prometheus metrics server started on port 8001
2026-04-25 13:14:44.922 | INFO     | backend.main:lifespan:31 - Shutting down backend...
2026-04-25 18:52:13.366 | INFO     | backend.main:lifespan:31 - Shutting down backend...
2026-04-25 18:56:48.643 | INFO     | backend.main:lifespan:18 - Backend starting up...
2026-04-25 18:57:21.523 | ERROR    | backend.services.inference_service:_load_model:47 - Model loading failed: RESOURCE_DOES_NOT_EXIST: Registered Model with name=demand_forecaster not found
2026-04-25 18:58:15.925 | INFO     | backend.main:lifespan:20 - Backend shutting down...
2026-04-25 13:51:59.199 | INFO     | backend.main:lifespan:18 - Backend starting up...
2026-04-25 19:42:06.640 | INFO     | backend.main:lifespan:18 - Backend starting up...
2026-04-25 19:42:34.776 | INFO     | backend.services.inference_service:_load_model:44 - Loaded model 'demand_forecaster' v1
2026-04-25 19:42:34.837 | ERROR    | backend.services.inference_service:predict:79 - Prediction failed: Failed to enforce schema of data '   year  month  day_of_week  day_of_year  week_of_year  quarter  is_weekend  ...  discount_effect  low_stock_flag  price_diff  is_promo  is_rainy  seasonality_index  epidemic_flag
0  2024      6            0          162            24        2           0  ...             64.0               0       -15.0         1         0                  3              0

[1 rows x 36 columns]' with schema '['year': integer (required), 'month': integer (required), 'day_of_week': integer (required), 'day_of_year': integer (required), 'week_of_year': integer (required), 'quarter': integer (required), 'is_weekend': integer (required), 'is_month_start': integer (required), 'is_month_end': integer (required), 'price': double (required), 'price_lag_7': double (required), 'price_pct_change': double (required), 'price_rolling_mean_7': double (required), 'sales_lag_1': double (required), 'sales_lag_7': double (required), 'sales_lag_14': double (required), 'sales_lag_28': double (required), 'sales_rolling_mean_7': double (required), 'sales_rolling_mean_14': double (required), 'sales_rolling_mean_28': double (required), 'sales_rolling_std_7': double (required), 'sales_rolling_std_14': double (required), 'sales_rolling_std_28': double (required), 'sin_1': double (required), 'cos_1': double (required), 'sin_2': double (required), 'cos_2': double (required), 'sin_3': double (required), 'cos_3': double (required), 'discount_effect': double (required), 'low_stock_flag': integer (required), 'price_diff': double (required), 'is_promo': integer (required), 'is_rainy': integer (required), 'seasonality_index': integer (required), 'epidemic_flag': integer (required)]'. Error: Incompatible input types for column year. Can not safely convert int64 to int32.
2026-04-25 19:42:34.837 | ERROR    | backend.routers.predict:predict:103 - Prediction error: Failed to enforce schema of data '   year  month  day_of_week  day_of_year  week_of_year  quarter  is_weekend  ...  discount_effect  low_stock_flag  price_diff  is_promo  is_rainy  seasonality_index  epidemic_flag
0  2024      6            0          162            24        2           0  ...             64.0               0       -15.0         1         0                  3              0

[1 rows x 36 columns]' with schema '['year': integer (required), 'month': integer (required), 'day_of_week': integer (required), 'day_of_year': integer (required), 'week_of_year': integer (required), 'quarter': integer (required), 'is_weekend': integer (required), 'is_month_start': integer (required), 'is_month_end': integer (required), 'price': double (required), 'price_lag_7': double (required), 'price_pct_change': double (required), 'price_rolling_mean_7': double (required), 'sales_lag_1': double (required), 'sales_lag_7': double (required), 'sales_lag_14': double (required), 'sales_lag_28': double (required), 'sales_rolling_mean_7': double (required), 'sales_rolling_mean_14': double (required), 'sales_rolling_mean_28': double (required), 'sales_rolling_std_7': double (required), 'sales_rolling_std_14': double (required), 'sales_rolling_std_28': double (required), 'sin_1': double (required), 'cos_1': double (required), 'sin_2': double (required), 'cos_2': double (required), 'sin_3': double (required), 'cos_3': double (required), 'discount_effect': double (required), 'low_stock_flag': integer (required), 'price_diff': double (required), 'is_promo': integer (required), 'is_rainy': integer (required), 'seasonality_index': integer (required), 'epidemic_flag': integer (required)]'. Error: Incompatible input types for column year. Can not safely convert int64 to int32.
2026-04-25 19:51:25.028 | INFO     | backend.main:lifespan:20 - Backend shutting down...
2026-04-25 19:51:28.770 | INFO     | backend.main:lifespan:18 - Backend starting up...
2026-04-25 19:51:41.625 | INFO     | backend.services.inference_service:_load_model:47 - Loaded model 'demand_forecaster' version unknown
2026-04-25 19:51:41.663 | INFO     | backend.services.inference_service:predict:111 - Prediction: 59.52 in 28.73ms
2026-04-25 19:51:53.349 | INFO     | backend.services.inference_service:predict:111 - Prediction: 29.97 in 16.70ms
2026-04-25 19:52:07.572 | INFO     | backend.services.inference_service:predict:111 - Prediction: 29.97 in 15.35ms
2026-04-25 19:52:19.001 | INFO     | backend.services.inference_service:predict:111 - Prediction: 41.05 in 17.17ms
2026-04-25 19:52:25.467 | INFO     | backend.services.inference_service:predict:111 - Prediction: 41.05 in 16.15ms
2026-04-25 19:54:12.553 | INFO     | backend.main:lifespan:20 - Backend shutting down...
2026-04-25 19:54:15.157 | INFO     | backend.main:lifespan:18 - Backend starting up...
2026-04-25 19:54:27.681 | INFO     | backend.services.inference_service:_load_model:53 - Loaded model 'demand_forecaster' (version 1)
2026-04-25 19:54:27.708 | INFO     | backend.services.inference_service:predict:118 - Prediction: 41.05 (20.83 ms)
2026-04-25 19:54:46.347 | INFO     | backend.services.inference_service:predict:118 - Prediction: 29.97 (17.01 ms)
2026-04-25 19:54:56.352 | INFO     | backend.services.inference_service:predict:118 - Prediction: 59.52 (14.54 ms)
2026-04-25 20:29:48.436 | INFO     | backend.main:lifespan:20 - Backend shutting down...
2026-04-25 20:29:51.763 | INFO     | backend.main:lifespan:18 - Backend starting up...
2026-04-25 20:30:19.666 | INFO     | backend.services.inference_service:_load_model:51 - Loaded model 'demand_forecaster' v1
2026-04-25 20:30:19.680 | INFO     | backend.services.inference_service:predict:117 - Prediction: 59.52 | 10.05 ms
2026-04-25 20:30:29.267 | INFO     | backend.services.inference_service:predict:117 - Prediction: 59.52 | 17.57 ms
2026-04-25 20:30:31.963 | INFO     | backend.services.inference_service:predict:117 - Prediction: 29.97 | 19.77 ms
2026-04-25 20:30:41.589 | INFO     | backend.services.inference_service:predict:117 - Prediction: 41.05 | 16.38 ms
2026-04-25 20:30:51.238 | INFO     | backend.services.inference_service:predict:117 - Prediction: 31.62 | 16.74 ms
2026-04-25 20:32:37.745 | INFO     | backend.main:lifespan:20 - Backend shutting down...
2026-04-25 20:32:40.563 | INFO     | backend.main:lifespan:18 - Backend starting up...
2026-04-25 20:33:03.096 | INFO     | backend.services.inference_service:_load_model:53 - Loaded model 'demand_forecaster' v1
2026-04-25 20:33:03.127 | INFO     | backend.services.inference_service:predict:119 - Prediction: 31.62 | 25.46 ms
2026-04-25 20:34:22.362 | INFO     | backend.main:lifespan:20 - Backend shutting down...
2026-04-25 20:34:25.156 | INFO     | backend.main:lifespan:18 - Backend starting up...
2026-04-25 20:34:40.659 | INFO     | backend.services.inference_service:_load_model:51 - Loaded model 'demand_forecaster' v1
2026-04-25 20:34:40.686 | INFO     | backend.services.inference_service:predict:118 - Prediction: 31.62 | 20.37 ms
2026-04-25 20:37:21.013 | INFO     | backend.main:lifespan:20 - Backend shutting down...
2026-04-25 20:37:23.950 | INFO     | backend.main:lifespan:21 - Backend starting up...
2026-04-25 20:37:44.281 | INFO     | backend.services.inference_service:_load_model:51 - Loaded model 'demand_forecaster' v1
2026-04-25 20:37:44.296 | INFO     | backend.services.inference_service:predict:118 - Prediction: 31.62 | 9.56 ms
2026-04-25 20:38:15.997 | INFO     | backend.services.inference_service:predict:118 - Prediction: 30.53 | 99.75 ms
2026-04-25 20:38:25.816 | INFO     | backend.services.inference_service:predict:118 - Prediction: 59.52 | 15.24 ms
2026-04-25 20:38:32.243 | INFO     | backend.services.inference_service:predict:118 - Prediction: 29.97 | 18.15 ms
2026-04-25 20:38:40.100 | INFO     | backend.services.inference_service:predict:118 - Prediction: 41.05 | 15.82 ms
2026-04-25 20:38:40.507 | INFO     | backend.services.inference_service:predict:118 - Prediction: 41.05 | 16.17 ms
2026-04-25 20:38:40.933 | INFO     | backend.services.inference_service:predict:118 - Prediction: 41.05 | 17.20 ms
2026-04-25 20:38:41.119 | INFO     | backend.services.inference_service:predict:118 - Prediction: 41.05 | 16.15 ms
2026-04-25 20:38:41.289 | INFO     | backend.services.inference_service:predict:118 - Prediction: 41.05 | 16.71 ms
2026-04-25 20:38:41.485 | INFO     | backend.services.inference_service:predict:118 - Prediction: 41.05 | 16.64 ms
2026-04-25 20:41:41.029 | INFO     | backend.main:lifespan:23 - Backend shutting down...
2026-04-25 20:41:44.213 | INFO     | backend.main:lifespan:21 - Backend starting up...
2026-04-25 20:42:28.457 | INFO     | backend.services.inference_service:_load_model:49 - Loaded model 'demand_forecaster' v1
2026-04-25 20:42:28.485 | INFO     | backend.services.inference_service:predict:113 - Prediction: 41.05 | 22.07 ms
2026-04-25 20:42:38.029 | INFO     | backend.services.inference_service:predict:113 - Prediction: 41.05 | 84.19 ms
2026-04-25 20:44:28.578 | INFO     | backend.main:lifespan:23 - Backend shutting down...
2026-04-25 20:44:31.612 | INFO     | backend.main:lifespan:21 - Backend starting up...
2026-04-25 20:45:45.019 | INFO     | backend.services.inference_service:_load_model:68 - Loaded model 'demand_forecaster' v1
2026-04-25 20:45:45.045 | INFO     | backend.services.inference_service:predict:130 - Prediction: 41.05 | 19.68 ms
2026-04-25 20:45:45.817 | INFO     | backend.services.inference_service:predict:130 - Prediction: 41.05 | 93.71 ms
2026-04-25 20:45:46.271 | INFO     | backend.services.inference_service:predict:130 - Prediction: 41.05 | 14.34 ms
2026-04-25 20:45:46.521 | INFO     | backend.services.inference_service:predict:130 - Prediction: 41.05 | 16.51 ms
2026-04-25 20:45:46.697 | INFO     | backend.services.inference_service:predict:130 - Prediction: 41.05 | 16.27 ms
2026-04-25 20:45:46.872 | INFO     | backend.services.inference_service:predict:130 - Prediction: 41.05 | 14.54 ms
2026-04-25 20:45:47.029 | INFO     | backend.services.inference_service:predict:130 - Prediction: 41.05 | 15.73 ms
2026-04-25 20:45:47.178 | INFO     | backend.services.inference_service:predict:130 - Prediction: 41.05 | 15.66 ms
2026-04-25 20:45:47.341 | INFO     | backend.services.inference_service:predict:130 - Prediction: 41.05 | 15.70 ms
2026-04-25 20:45:47.486 | INFO     | backend.services.inference_service:predict:130 - Prediction: 41.05 | 15.36 ms
2026-04-25 20:45:47.642 | INFO     | backend.services.inference_service:predict:130 - Prediction: 41.05 | 16.01 ms
2026-04-25 20:45:47.811 | INFO     | backend.services.inference_service:predict:130 - Prediction: 41.05 | 25.96 ms
2026-04-25 20:45:47.967 | INFO     | backend.services.inference_service:predict:130 - Prediction: 41.05 | 20.82 ms
2026-04-25 20:45:48.135 | INFO     | backend.services.inference_service:predict:130 - Prediction: 41.05 | 16.21 ms
2026-04-25 20:45:48.315 | INFO     | backend.services.inference_service:predict:130 - Prediction: 41.05 | 16.56 ms
2026-04-25 20:45:48.470 | INFO     | backend.services.inference_service:predict:130 - Prediction: 41.05 | 15.65 ms
2026-04-25 20:45:48.645 | INFO     | backend.services.inference_service:predict:130 - Prediction: 41.05 | 16.53 ms
2026-04-25 20:45:48.771 | INFO     | backend.services.inference_service:predict:130 - Prediction: 41.05 | 17.52 ms
2026-04-25 20:45:48.939 | INFO     | backend.services.inference_service:predict:130 - Prediction: 41.05 | 16.49 ms
2026-04-25 20:45:49.119 | INFO     | backend.services.inference_service:predict:130 - Prediction: 41.05 | 16.83 ms
2026-04-25 20:45:51.061 | INFO     | backend.services.inference_service:predict:130 - Prediction: 41.05 | 15.26 ms
2026-04-25 20:45:51.260 | INFO     | backend.services.inference_service:predict:130 - Prediction: 41.05 | 18.72 ms
2026-04-25 20:45:51.406 | INFO     | backend.services.inference_service:predict:130 - Prediction: 41.05 | 16.14 ms
2026-04-25 20:45:51.569 | INFO     | backend.services.inference_service:predict:130 - Prediction: 41.05 | 16.23 ms
2026-04-25 20:45:51.731 | INFO     | backend.services.inference_service:predict:130 - Prediction: 41.05 | 15.18 ms
2026-04-25 20:45:51.875 | INFO     | backend.services.inference_service:predict:130 - Prediction: 41.05 | 15.67 ms
2026-04-25 20:45:52.028 | INFO     | backend.services.inference_service:predict:130 - Prediction: 41.05 | 15.43 ms
2026-04-25 20:45:52.220 | INFO     | backend.services.inference_service:predict:130 - Prediction: 41.05 | 15.63 ms
2026-04-25 20:45:52.387 | INFO     | backend.services.inference_service:predict:130 - Prediction: 41.05 | 16.76 ms
2026-04-25 20:49:51.280 | INFO     | backend.main:lifespan:23 - Backend shutting down...
2026-04-25 20:49:54.147 | INFO     | backend.main:lifespan:20 - Backend starting up...
2026-04-25 20:50:19.053 | INFO     | backend.services.inference_service:_load_model:60 - Loaded model 'demand_forecaster' v1
2026-04-25 20:50:19.085 | ERROR    | backend.services.inference_service:predict:111 - Prediction failed: Failed to enforce schema of data '   year  month  day_of_week  day_of_year  week_of_year  quarter  is_weekend  ...  discount_effect  low_stock_flag  price_diff  is_promo  is_rainy  seasonality_index  epidemic_flag
0  2024      8            1          233            34        3           0  ...             81.0               1         2.0         1         1                  2              0

[1 rows x 36 columns]' with schema '['year': integer (required), 'month': integer (required), 'day_of_week': integer (required), 'day_of_year': integer (required), 'week_of_year': integer (required), 'quarter': integer (required), 'is_weekend': integer (required), 'is_month_start': integer (required), 'is_month_end': integer (required), 'price': double (required), 'price_lag_7': double (required), 'price_pct_change': double (required), 'price_rolling_mean_7': double (required), 'sales_lag_1': double (required), 'sales_lag_7': double (required), 'sales_lag_14': double (required), 'sales_lag_28': double (required), 'sales_rolling_mean_7': double (required), 'sales_rolling_mean_14': double (required), 'sales_rolling_mean_28': double (required), 'sales_rolling_std_7': double (required), 'sales_rolling_std_14': double (required), 'sales_rolling_std_28': double (required), 'sin_1': double (required), 'cos_1': double (required), 'sin_2': double (required), 'cos_2': double (required), 'sin_3': double (required), 'cos_3': double (required), 'discount_effect': double (required), 'low_stock_flag': integer (required), 'price_diff': double (required), 'is_promo': integer (required), 'is_rainy': integer (required), 'seasonality_index': integer (required), 'epidemic_flag': integer (required)]'. Error: Incompatible input types for column low_stock_flag. Can not safely convert int64 to int32.
2026-04-25 20:50:19.087 | ERROR    | backend.routers.predict:predict:103 - Prediction error: Failed to enforce schema of data '   year  month  day_of_week  day_of_year  week_of_year  quarter  is_weekend  ...  discount_effect  low_stock_flag  price_diff  is_promo  is_rainy  seasonality_index  epidemic_flag
0  2024      8            1          233            34        3           0  ...             81.0               1         2.0         1         1                  2              0

[1 rows x 36 columns]' with schema '['year': integer (required), 'month': integer (required), 'day_of_week': integer (required), 'day_of_year': integer (required), 'week_of_year': integer (required), 'quarter': integer (required), 'is_weekend': integer (required), 'is_month_start': integer (required), 'is_month_end': integer (required), 'price': double (required), 'price_lag_7': double (required), 'price_pct_change': double (required), 'price_rolling_mean_7': double (required), 'sales_lag_1': double (required), 'sales_lag_7': double (required), 'sales_lag_14': double (required), 'sales_lag_28': double (required), 'sales_rolling_mean_7': double (required), 'sales_rolling_mean_14': double (required), 'sales_rolling_mean_28': double (required), 'sales_rolling_std_7': double (required), 'sales_rolling_std_14': double (required), 'sales_rolling_std_28': double (required), 'sin_1': double (required), 'cos_1': double (required), 'sin_2': double (required), 'cos_2': double (required), 'sin_3': double (required), 'cos_3': double (required), 'discount_effect': double (required), 'low_stock_flag': integer (required), 'price_diff': double (required), 'is_promo': integer (required), 'is_rainy': integer (required), 'seasonality_index': integer (required), 'epidemic_flag': integer (required)]'. Error: Incompatible input types for column low_stock_flag. Can not safely convert int64 to int32.
2026-04-25 20:51:19.179 | INFO     | backend.main:lifespan:22 - Backend shutting down...
2026-04-25 20:51:21.914 | INFO     | backend.main:lifespan:20 - Backend starting up...
2026-04-25 20:51:44.261 | INFO     | backend.services.inference_service:_load_model:60 - Loaded model 'demand_forecaster' v1
2026-04-25 20:51:44.303 | ERROR    | backend.services.inference_service:predict:111 - Prediction failed: Failed to enforce schema of data '   year  month  day_of_week  day_of_year  week_of_year  quarter  is_weekend  ...  discount_effect  low_stock_flag  price_diff  is_promo  is_rainy  seasonality_index  epidemic_flag
0  2024      8            1          233            34        3           0  ...             81.0               1         2.0         1         1                  2              0

[1 rows x 36 columns]' with schema '['year': integer (required), 'month': integer (required), 'day_of_week': integer (required), 'day_of_year': integer (required), 'week_of_year': integer (required), 'quarter': integer (required), 'is_weekend': integer (required), 'is_month_start': integer (required), 'is_month_end': integer (required), 'price': double (required), 'price_lag_7': double (required), 'price_pct_change': double (required), 'price_rolling_mean_7': double (required), 'sales_lag_1': double (required), 'sales_lag_7': double (required), 'sales_lag_14': double (required), 'sales_lag_28': double (required), 'sales_rolling_mean_7': double (required), 'sales_rolling_mean_14': double (required), 'sales_rolling_mean_28': double (required), 'sales_rolling_std_7': double (required), 'sales_rolling_std_14': double (required), 'sales_rolling_std_28': double (required), 'sin_1': double (required), 'cos_1': double (required), 'sin_2': double (required), 'cos_2': double (required), 'sin_3': double (required), 'cos_3': double (required), 'discount_effect': double (required), 'low_stock_flag': integer (required), 'price_diff': double (required), 'is_promo': integer (required), 'is_rainy': integer (required), 'seasonality_index': integer (required), 'epidemic_flag': integer (required)]'. Error: Incompatible input types for column low_stock_flag. Can not safely convert int64 to int32.
2026-04-25 20:51:44.304 | ERROR    | backend.routers.predict:predict:103 - Prediction error: Failed to enforce schema of data '   year  month  day_of_week  day_of_year  week_of_year  quarter  is_weekend  ...  discount_effect  low_stock_flag  price_diff  is_promo  is_rainy  seasonality_index  epidemic_flag
0  2024      8            1          233            34        3           0  ...             81.0               1         2.0         1         1                  2              0

[1 rows x 36 columns]' with schema '['year': integer (required), 'month': integer (required), 'day_of_week': integer (required), 'day_of_year': integer (required), 'week_of_year': integer (required), 'quarter': integer (required), 'is_weekend': integer (required), 'is_month_start': integer (required), 'is_month_end': integer (required), 'price': double (required), 'price_lag_7': double (required), 'price_pct_change': double (required), 'price_rolling_mean_7': double (required), 'sales_lag_1': double (required), 'sales_lag_7': double (required), 'sales_lag_14': double (required), 'sales_lag_28': double (required), 'sales_rolling_mean_7': double (required), 'sales_rolling_mean_14': double (required), 'sales_rolling_mean_28': double (required), 'sales_rolling_std_7': double (required), 'sales_rolling_std_14': double (required), 'sales_rolling_std_28': double (required), 'sin_1': double (required), 'cos_1': double (required), 'sin_2': double (required), 'cos_2': double (required), 'sin_3': double (required), 'cos_3': double (required), 'discount_effect': double (required), 'low_stock_flag': integer (required), 'price_diff': double (required), 'is_promo': integer (required), 'is_rainy': integer (required), 'seasonality_index': integer (required), 'epidemic_flag': integer (required)]'. Error: Incompatible input types for column low_stock_flag. Can not safely convert int64 to int32.
2026-04-25 20:53:24.762 | INFO     | backend.main:lifespan:22 - Backend shutting down...
2026-04-25 20:53:27.576 | INFO     | backend.main:lifespan:20 - Backend starting up...
2026-04-25 20:53:44.714 | INFO     | backend.services.inference_service:_load_model:60 - Loaded model 'demand_forecaster' v1
2026-04-25 20:53:44.729 | INFO     | backend.services.inference_service:predict:105 - Prediction: 33.68 | 10.19ms
2026-04-25 20:53:50.493 | INFO     | backend.services.inference_service:predict:105 - Prediction: 41.05 | 102.24ms
2026-04-25 20:55:27.377 | INFO     | backend.main:lifespan:22 - Backend shutting down...
2026-04-25 20:55:30.404 | INFO     | backend.main:lifespan:20 - Backend starting up...
2026-04-25 20:55:45.135 | INFO     | backend.services.inference_service:_load_model:92 - Loaded model 'demand_forecaster' v1
2026-04-25 20:55:45.149 | INFO     | backend.services.inference_service:predict:137 - Prediction: 41.05 | 9.86ms
2026-04-25 20:55:48.383 | INFO     | backend.services.inference_service:predict:137 - Prediction: 41.05 | 120.35ms
2026-04-25 20:55:48.455 | INFO     | backend.services.inference_service:predict:137 - Prediction: 41.05 | 19.02ms
2026-04-25 20:55:48.628 | INFO     | backend.services.inference_service:predict:137 - Prediction: 41.05 | 14.22ms
2026-04-25 20:55:48.778 | INFO     | backend.services.inference_service:predict:137 - Prediction: 41.05 | 13.94ms
2026-04-25 20:55:48.920 | INFO     | backend.services.inference_service:predict:137 - Prediction: 41.05 | 15.16ms
2026-04-25 20:55:49.079 | INFO     | backend.services.inference_service:predict:137 - Prediction: 41.05 | 16.62ms
2026-04-25 20:55:49.238 | INFO     | backend.services.inference_service:predict:137 - Prediction: 41.05 | 14.61ms
2026-04-25 20:55:49.399 | INFO     | backend.services.inference_service:predict:137 - Prediction: 41.05 | 14.10ms
2026-04-25 20:55:49.575 | INFO     | backend.services.inference_service:predict:137 - Prediction: 41.05 | 16.16ms
2026-04-25 20:55:49.703 | INFO     | backend.services.inference_service:predict:137 - Prediction: 41.05 | 14.72ms
2026-04-25 20:55:49.843 | INFO     | backend.services.inference_service:predict:137 - Prediction: 41.05 | 13.62ms
2026-04-25 20:55:50.009 | INFO     | backend.services.inference_service:predict:137 - Prediction: 41.05 | 15.14ms
2026-04-25 20:55:50.191 | INFO     | backend.services.inference_service:predict:137 - Prediction: 41.05 | 15.11ms
2026-04-25 20:55:50.331 | INFO     | backend.services.inference_service:predict:137 - Prediction: 41.05 | 13.62ms
2026-04-25 20:58:53.077 | INFO     | backend.main:lifespan:22 - Backend shutting down...
2026-04-25 15:29:38.370 | INFO     | backend.services.inference_service:_load_model:44 - Loaded model 'demand_forecaster' v1
2026-04-25 15:29:38.407 | ERROR    | backend.services.inference_service:predict:79 - Prediction failed: Failed to enforce schema of data '   year  month  day_of_week  ...  is_rainy  seasonality_index  epidemic_flag
0  2024      8            1  ...         1                  2              0

[1 rows x 36 columns]' with schema '['year': integer (required), 'month': integer (required), 'day_of_week': integer (required), 'day_of_year': integer (required), 'week_of_year': integer (required), 'quarter': integer (required), 'is_weekend': integer (required), 'is_month_start': integer (required), 'is_month_end': integer (required), 'price': double (required), 'price_lag_7': double (required), 'price_pct_change': double (required), 'price_rolling_mean_7': double (required), 'sales_lag_1': double (required), 'sales_lag_7': double (required), 'sales_lag_14': double (required), 'sales_lag_28': double (required), 'sales_rolling_mean_7': double (required), 'sales_rolling_mean_14': double (required), 'sales_rolling_mean_28': double (required), 'sales_rolling_std_7': double (required), 'sales_rolling_std_14': double (required), 'sales_rolling_std_28': double (required), 'sin_1': double (required), 'cos_1': double (required), 'sin_2': double (required), 'cos_2': double (required), 'sin_3': double (required), 'cos_3': double (required), 'discount_effect': double (required), 'low_stock_flag': integer (required), 'price_diff': double (required), 'is_promo': integer (required), 'is_rainy': integer (required), 'seasonality_index': integer (required), 'epidemic_flag': integer (required)]'. Error: Incompatible input types for column year. Can not safely convert int64 to int32.
2026-04-25 15:29:38.407 | ERROR    | backend.routers.predict:predict:103 - Prediction error: Failed to enforce schema of data '   year  month  day_of_week  ...  is_rainy  seasonality_index  epidemic_flag
0  2024      8            1  ...         1                  2              0

[1 rows x 36 columns]' with schema '['year': integer (required), 'month': integer (required), 'day_of_week': integer (required), 'day_of_year': integer (required), 'week_of_year': integer (required), 'quarter': integer (required), 'is_weekend': integer (required), 'is_month_start': integer (required), 'is_month_end': integer (required), 'price': double (required), 'price_lag_7': double (required), 'price_pct_change': double (required), 'price_rolling_mean_7': double (required), 'sales_lag_1': double (required), 'sales_lag_7': double (required), 'sales_lag_14': double (required), 'sales_lag_28': double (required), 'sales_rolling_mean_7': double (required), 'sales_rolling_mean_14': double (required), 'sales_rolling_mean_28': double (required), 'sales_rolling_std_7': double (required), 'sales_rolling_std_14': double (required), 'sales_rolling_std_28': double (required), 'sin_1': double (required), 'cos_1': double (required), 'sin_2': double (required), 'cos_2': double (required), 'sin_3': double (required), 'cos_3': double (required), 'discount_effect': double (required), 'low_stock_flag': integer (required), 'price_diff': double (required), 'is_promo': integer (required), 'is_rainy': integer (required), 'seasonality_index': integer (required), 'epidemic_flag': integer (required)]'. Error: Incompatible input types for column year. Can not safely convert int64 to int32.
2026-04-25 21:01:47.628 | INFO     | backend.main:lifespan:20 - Backend starting up...
2026-04-25 21:02:04.958 | INFO     | backend.services.inference_service:_load_model:105 - Loaded XGBoost model 'demand_forecaster' v1
2026-04-25 21:02:04.981 | INFO     | backend.services.inference_service:predict:156 - Prediction: 41.05 | 16.05ms
2026-04-25 21:02:06.881 | INFO     | backend.services.inference_service:predict:156 - Prediction: 41.05 | 17.33ms
2026-04-25 21:02:07.082 | INFO     | backend.services.inference_service:predict:156 - Prediction: 41.05 | 13.53ms
2026-04-25 21:02:07.264 | INFO     | backend.services.inference_service:predict:156 - Prediction: 41.05 | 13.63ms
2026-04-25 21:02:07.421 | INFO     | backend.services.inference_service:predict:156 - Prediction: 41.05 | 14.02ms
2026-04-25 21:02:07.576 | INFO     | backend.services.inference_service:predict:156 - Prediction: 41.05 | 13.58ms
2026-04-25 21:02:07.868 | INFO     | backend.services.inference_service:predict:156 - Prediction: 41.05 | 14.83ms
2026-04-25 21:02:08.033 | INFO     | backend.services.inference_service:predict:156 - Prediction: 41.05 | 13.78ms
2026-04-25 21:02:08.198 | INFO     | backend.services.inference_service:predict:156 - Prediction: 41.05 | 15.69ms
2026-04-25 21:02:08.349 | INFO     | backend.services.inference_service:predict:156 - Prediction: 41.05 | 13.68ms
2026-04-25 21:02:08.522 | INFO     | backend.services.inference_service:predict:156 - Prediction: 41.05 | 16.42ms
2026-04-25 21:02:08.675 | INFO     | backend.services.inference_service:predict:156 - Prediction: 41.05 | 18.34ms
2026-04-25 21:02:08.844 | INFO     | backend.services.inference_service:predict:156 - Prediction: 41.05 | 16.65ms
2026-04-25 21:02:09.013 | INFO     | backend.services.inference_service:predict:156 - Prediction: 41.05 | 13.87ms
2026-04-25 21:02:09.148 | INFO     | backend.services.inference_service:predict:156 - Prediction: 41.05 | 13.12ms
2026-04-25 21:02:09.438 | INFO     | backend.services.inference_service:predict:156 - Prediction: 41.05 | 14.53ms
2026-04-25 21:02:09.632 | INFO     | backend.services.inference_service:predict:156 - Prediction: 41.05 | 14.09ms
2026-04-25 21:02:09.828 | INFO     | backend.services.inference_service:predict:156 - Prediction: 41.05 | 13.75ms
2026-04-25 21:02:10.058 | INFO     | backend.services.inference_service:predict:156 - Prediction: 41.05 | 13.69ms
2026-04-25 21:02:10.569 | INFO     | backend.services.inference_service:predict:156 - Prediction: 41.05 | 13.80ms
2026-04-25 21:03:43.272 | INFO     | backend.services.inference_service:predict:156 - Prediction: 41.05 | 6.83ms
2026-04-25 21:06:56.562 | INFO     | backend.main:lifespan:22 - Backend shutting down...
2026-04-25 21:09:03.288 | INFO     | backend.main:lifespan:20 - Backend starting up...
2026-04-25 21:09:12.727 | INFO     | backend.services.inference_service:_load_model:104 - Loaded XGBoost model 'demand_forecaster' v1
2026-04-25 21:09:12.742 | INFO     | backend.services.inference_service:predict:153 - Prediction: 40.83 | 10.00ms
2026-04-25 21:13:17.710 | INFO     | backend.main:lifespan:22 - Backend shutting down...
2026-04-25 21:13:20.810 | INFO     | backend.main:lifespan:20 - Backend starting up...
2026-04-25 21:13:26.743 | INFO     | backend.services.inference_service:_load_model:104 - Loaded XGBoost model 'demand_forecaster' v1
2026-04-25 21:13:26.757 | INFO     | backend.services.inference_service:predict:158 - Prediction: 40.83 | 9.51ms
2026-04-25 15:58:14.377 | INFO     | backend.main:lifespan:20 - Backend starting up...
2026-04-25 21:33:37.955 | INFO     | backend.main:lifespan:22 - Backend shutting down...
2026-04-25 16:03:54.782 | ERROR    | backend.services.inference_service:_load_model:107 - Model loading failed: No versions found for model 'demand_forecaster'
2026-04-25 16:04:08.210 | ERROR    | backend.services.inference_service:_load_model:107 - Model loading failed: No versions found for model 'demand_forecaster'
2026-04-25 16:04:45.859 | ERROR    | backend.services.inference_service:_load_model:107 - Model loading failed: No versions found for model 'demand_forecaster'
2026-04-25 16:04:48.179 | ERROR    | backend.services.inference_service:_load_model:107 - Model loading failed: No versions found for model 'demand_forecaster'
2026-04-25 16:04:48.338 | ERROR    | backend.services.inference_service:_load_model:107 - Model loading failed: No versions found for model 'demand_forecaster'
2026-04-25 16:04:48.519 | ERROR    | backend.services.inference_service:_load_model:107 - Model loading failed: No versions found for model 'demand_forecaster'
2026-04-25 16:04:48.690 | ERROR    | backend.services.inference_service:_load_model:107 - Model loading failed: No versions found for model 'demand_forecaster'
2026-04-25 16:05:35.612 | ERROR    | backend.services.inference_service:_load_model:107 - Model loading failed: No versions found for model 'demand_forecaster'
2026-04-25 16:05:36.079 | ERROR    | backend.services.inference_service:_load_model:107 - Model loading failed: No versions found for model 'demand_forecaster'
2026-04-25 16:07:56.584 | INFO     | backend.services.inference_service:_load_model:104 - Loaded XGBoost model 'demand_forecaster' v1
2026-04-25 16:08:39.134 | INFO     | backend.services.inference_service:predict:158 - Prediction: 26.15 | 18.49ms
2026-04-25 16:10:49.554 | INFO     | backend.services.inference_service:predict:158 - Prediction: 26.15 | 12.38ms
2026-04-25 16:10:49.941 | INFO     | backend.services.inference_service:predict:158 - Prediction: 26.15 | 11.51ms
2026-04-25 16:10:50.166 | INFO     | backend.services.inference_service:predict:158 - Prediction: 26.15 | 16.49ms
2026-04-25 16:10:50.341 | INFO     | backend.services.inference_service:predict:158 - Prediction: 26.15 | 12.03ms
2026-04-25 16:10:50.494 | INFO     | backend.services.inference_service:predict:158 - Prediction: 26.15 | 13.09ms
2026-04-25 16:10:50.640 | INFO     | backend.services.inference_service:predict:158 - Prediction: 26.15 | 23.56ms
2026-04-25 16:10:50.770 | INFO     | backend.services.inference_service:predict:158 - Prediction: 26.15 | 12.99ms
2026-04-25 16:10:50.915 | INFO     | backend.services.inference_service:predict:158 - Prediction: 26.15 | 9.80ms
2026-04-25 16:10:51.076 | INFO     | backend.services.inference_service:predict:158 - Prediction: 26.15 | 15.00ms
2026-04-25 16:10:51.205 | INFO     | backend.services.inference_service:predict:158 - Prediction: 26.15 | 7.82ms
2026-04-25 16:10:51.352 | INFO     | backend.services.inference_service:predict:158 - Prediction: 26.15 | 14.82ms
2026-04-25 16:10:57.870 | INFO     | backend.services.inference_service:predict:158 - Prediction: 26.15 | 14.06ms
2026-04-25 16:11:01.140 | INFO     | backend.services.inference_service:predict:158 - Prediction: 27.96 | 31.23ms
